
**** Build of configuration Nios II for project cpu1_test ****

make all 
      0 [main] sh 5920 find_fast_cwd: WARNING: Couldn't compute FAST_CWD pointer.  Please report this problem to
the public mailing list cygwin@cygwin.com
      0 [main] sh 8548 find_fast_cwd: WARNING: Couldn't compute FAST_CWD pointer.  Please report this problem to
the public mailing list cygwin@cygwin.com
      0 [main] echo 18908 find_fast_cwd: WARNING: Couldn't compute FAST_CWD pointer.  Please report this problem to
Info: Building ../cpu1_test_bsp/
the public mailing list cygwin@cygwin.com
make --no-print-directory -C ../cpu1_test_bsp/
      0 [main] pwd 33324 find_fast_cwd: WARNING: Couldn't compute FAST_CWD pointer.  Please report this problem to
the public mailing list cygwin@cygwin.com
      0 [main] sh 32976 find_fast_cwd: WARNING: Couldn't compute FAST_CWD pointer.  Please report this problem to
the public mailing list cygwin@cygwin.com
      0 [main] sh 33696 find_fast_cwd: WARNING: Couldn't compute FAST_CWD pointer.  Please report this problem to
the public mailing list cygwin@cygwin.com
[BSP build complete]
      0 [main] true 33504 find_fast_cwd: WARNING: Couldn't compute FAST_CWD pointer.  Please report this problem to
the public mailing list cygwin@cygwin.com
      0 [main] echo 33484 find_fast_cwd: WARNING: Couldn't compute FAST_CWD pointer.  Please report this problem to
Info: Linking cpu1_test.elf
the public mailing list cygwin@cygwin.com
nios2-elf-g++  -T'../cpu1_test_bsp//linker.x' -msys-crt0='../cpu1_test_bsp//obj/HAL/src/crt0.o' -msys-lib=hal_bsp -L../cpu1_test_bsp/   -Wl,-Map=cpu1_test.map   -O0 -g -Wall   -mno-hw-div -mno-hw-mul -mno-hw-mulx  -o cpu1_test.elf obj/default/FIFO_1.o obj/default/producer.o -lm 
f:/altera/nios2eds/bin/gnu/h-i686-mingw32/bin/../lib/gcc/nios2-elf/4.7.3/../../../../../H-i686-mingw32/nios2-elf/bin/ld.exe: address 0x2028c of cpu1_test.elf section `.bss' is not within region `mem1'
f:/altera/nios2eds/bin/gnu/h-i686-mingw32/bin/../lib/gcc/nios2-elf/4.7.3/../../../../../H-i686-mingw32/nios2-elf/bin/ld.exe: address 0x2028c of cpu1_test.elf section `.bss' is not within region `mem1'
collect2.exe: error: ld returned 1 exit status
make: *** [cpu1_test.elf] Error 1

**** Build Finished ****
